
*** Running vivado
    with args -log top_level.vds -m64 -product Vivado -mode batch -messageDb vivado.pb -notrace -source top_level.tcl


****** Vivado v2018.2 (64-bit)
  **** SW Build 2258646 on Thu Jun 14 20:03:12 MDT 2018
  **** IP Build 2256618 on Thu Jun 14 22:10:49 MDT 2018
    ** Copyright 1986-2018 Xilinx, Inc. All Rights Reserved.

source top_level.tcl -notrace
Command: synth_design -top top_level -part xc7a35tcpg236-1
Starting synth_design
Attempting to get a license for feature 'Synthesis' and/or device 'xc7a35t'
INFO: [Common 17-349] Got license for feature 'Synthesis' and/or device 'xc7a35t'
INFO: Launching helper process for spawning children vivado processes
INFO: Helper process launched with PID 15596 
---------------------------------------------------------------------------------
Starting RTL Elaboration : Time (s): cpu = 00:00:03 ; elapsed = 00:00:04 . Memory (MB): peak = 356.141 ; gain = 99.086
---------------------------------------------------------------------------------
INFO: [Synth 8-638] synthesizing module 'top_level' [C:/Users/browt/Documents/EE-CE Materials/VHDL Projects/rock_paper_scissors/rock_paper_scissors.srcs/sources_1/new/top_level.vhd:13]
INFO: [Synth 8-3491] module 'var_clock_divider_2' declared at 'C:/Users/browt/Documents/EE-CE Materials/VHDL Projects/VHDL Custom Module Directory/var_clock_divider_2.vhd:10' bound to instance 'clk_div' of component 'var_clock_divider_2' [C:/Users/browt/Documents/EE-CE Materials/VHDL Projects/rock_paper_scissors/rock_paper_scissors.srcs/sources_1/new/top_level.vhd:77]
INFO: [Synth 8-638] synthesizing module 'var_clock_divider_2' [C:/Users/browt/Documents/EE-CE Materials/VHDL Projects/VHDL Custom Module Directory/var_clock_divider_2.vhd:16]
INFO: [Synth 8-256] done synthesizing module 'var_clock_divider_2' (1#1) [C:/Users/browt/Documents/EE-CE Materials/VHDL Projects/VHDL Custom Module Directory/var_clock_divider_2.vhd:16]
INFO: [Synth 8-3491] module 'r_p_s_winner' declared at 'C:/Users/browt/Documents/EE-CE Materials/VHDL Projects/rock_paper_scissors/rock_paper_scissors.srcs/sources_1/new/r_p_s_winner.vhd:6' bound to instance 'select_winner' of component 'r_p_s_winner' [C:/Users/browt/Documents/EE-CE Materials/VHDL Projects/rock_paper_scissors/rock_paper_scissors.srcs/sources_1/new/top_level.vhd:81]
INFO: [Synth 8-638] synthesizing module 'r_p_s_winner' [C:/Users/browt/Documents/EE-CE Materials/VHDL Projects/rock_paper_scissors/rock_paper_scissors.srcs/sources_1/new/r_p_s_winner.vhd:12]
INFO: [Synth 8-256] done synthesizing module 'r_p_s_winner' (2#1) [C:/Users/browt/Documents/EE-CE Materials/VHDL Projects/rock_paper_scissors/rock_paper_scissors.srcs/sources_1/new/r_p_s_winner.vhd:12]
INFO: [Synth 8-3491] module 'press_release_debouncer' declared at 'C:/Users/browt/Documents/EE-CE Materials/VHDL Projects/VHDL Custom Module Directory/press_release_debounce.vhd:6' bound to instance 'rock_db' of component 'press_release_debouncer' [C:/Users/browt/Documents/EE-CE Materials/VHDL Projects/rock_paper_scissors/rock_paper_scissors.srcs/sources_1/new/top_level.vhd:86]
INFO: [Synth 8-638] synthesizing module 'press_release_debouncer' [C:/Users/browt/Documents/EE-CE Materials/VHDL Projects/VHDL Custom Module Directory/press_release_debounce.vhd:12]
INFO: [Synth 8-256] done synthesizing module 'press_release_debouncer' (3#1) [C:/Users/browt/Documents/EE-CE Materials/VHDL Projects/VHDL Custom Module Directory/press_release_debounce.vhd:12]
INFO: [Synth 8-3491] module 'press_release_debouncer' declared at 'C:/Users/browt/Documents/EE-CE Materials/VHDL Projects/VHDL Custom Module Directory/press_release_debounce.vhd:6' bound to instance 'paper_db' of component 'press_release_debouncer' [C:/Users/browt/Documents/EE-CE Materials/VHDL Projects/rock_paper_scissors/rock_paper_scissors.srcs/sources_1/new/top_level.vhd:89]
INFO: [Synth 8-3491] module 'press_release_debouncer' declared at 'C:/Users/browt/Documents/EE-CE Materials/VHDL Projects/VHDL Custom Module Directory/press_release_debounce.vhd:6' bound to instance 'scissors_db' of component 'press_release_debouncer' [C:/Users/browt/Documents/EE-CE Materials/VHDL Projects/rock_paper_scissors/rock_paper_scissors.srcs/sources_1/new/top_level.vhd:92]
INFO: [Synth 8-3491] module 'count_to_two' declared at 'C:/Users/browt/Documents/EE-CE Materials/VHDL Projects/VHDL Custom Module Directory/count_to_two.vhd:6' bound to instance 'count_up' of component 'count_to_two' [C:/Users/browt/Documents/EE-CE Materials/VHDL Projects/rock_paper_scissors/rock_paper_scissors.srcs/sources_1/new/top_level.vhd:96]
INFO: [Synth 8-638] synthesizing module 'count_to_two' [C:/Users/browt/Documents/EE-CE Materials/VHDL Projects/VHDL Custom Module Directory/count_to_two.vhd:11]
INFO: [Synth 8-256] done synthesizing module 'count_to_two' (4#1) [C:/Users/browt/Documents/EE-CE Materials/VHDL Projects/VHDL Custom Module Directory/count_to_two.vhd:11]
INFO: [Synth 8-3491] module 'two_bit_select' declared at 'C:/Users/browt/Documents/EE-CE Materials/VHDL Projects/VHDL Custom Module Directory/two_bit_select.vhd:7' bound to instance 'r_p_s_select' of component 'two_bit_select' [C:/Users/browt/Documents/EE-CE Materials/VHDL Projects/rock_paper_scissors/rock_paper_scissors.srcs/sources_1/new/top_level.vhd:102]
INFO: [Synth 8-638] synthesizing module 'two_bit_select' [C:/Users/browt/Documents/EE-CE Materials/VHDL Projects/VHDL Custom Module Directory/two_bit_select.vhd:12]
INFO: [Synth 8-256] done synthesizing module 'two_bit_select' (5#1) [C:/Users/browt/Documents/EE-CE Materials/VHDL Projects/VHDL Custom Module Directory/two_bit_select.vhd:12]
INFO: [Synth 8-3491] module 'r_p_s_decode' declared at 'C:/Users/browt/Documents/EE-CE Materials/VHDL Projects/rock_paper_scissors/rock_paper_scissors.srcs/sources_1/new/r_p_s_decode.vhd:6' bound to instance 'r_p_s_dec_1' of component 'r_p_s_decode' [C:/Users/browt/Documents/EE-CE Materials/VHDL Projects/rock_paper_scissors/rock_paper_scissors.srcs/sources_1/new/top_level.vhd:107]
INFO: [Synth 8-638] synthesizing module 'r_p_s_decode' [C:/Users/browt/Documents/EE-CE Materials/VHDL Projects/rock_paper_scissors/rock_paper_scissors.srcs/sources_1/new/r_p_s_decode.vhd:11]
INFO: [Synth 8-256] done synthesizing module 'r_p_s_decode' (6#1) [C:/Users/browt/Documents/EE-CE Materials/VHDL Projects/rock_paper_scissors/rock_paper_scissors.srcs/sources_1/new/r_p_s_decode.vhd:11]
INFO: [Synth 8-3491] module 'r_p_s_decode' declared at 'C:/Users/browt/Documents/EE-CE Materials/VHDL Projects/rock_paper_scissors/rock_paper_scissors.srcs/sources_1/new/r_p_s_decode.vhd:6' bound to instance 'r_p_s_dec_2' of component 'r_p_s_decode' [C:/Users/browt/Documents/EE-CE Materials/VHDL Projects/rock_paper_scissors/rock_paper_scissors.srcs/sources_1/new/top_level.vhd:109]
INFO: [Synth 8-3491] module 'seven_segment_decoder' declared at 'C:/Users/browt/Documents/EE-CE Materials/VHDL Projects/VHDL Custom Module Directory/seven_segment_decoder.vhd:6' bound to instance 'decode_1' of component 'seven_segment_decoder' [C:/Users/browt/Documents/EE-CE Materials/VHDL Projects/rock_paper_scissors/rock_paper_scissors.srcs/sources_1/new/top_level.vhd:112]
INFO: [Synth 8-638] synthesizing module 'seven_segment_decoder' [C:/Users/browt/Documents/EE-CE Materials/VHDL Projects/VHDL Custom Module Directory/seven_segment_decoder.vhd:12]
INFO: [Synth 8-256] done synthesizing module 'seven_segment_decoder' (7#1) [C:/Users/browt/Documents/EE-CE Materials/VHDL Projects/VHDL Custom Module Directory/seven_segment_decoder.vhd:12]
INFO: [Synth 8-3491] module 'seven_segment_decoder' declared at 'C:/Users/browt/Documents/EE-CE Materials/VHDL Projects/VHDL Custom Module Directory/seven_segment_decoder.vhd:6' bound to instance 'decode_2' of component 'seven_segment_decoder' [C:/Users/browt/Documents/EE-CE Materials/VHDL Projects/rock_paper_scissors/rock_paper_scissors.srcs/sources_1/new/top_level.vhd:115]
INFO: [Synth 8-3491] module 'multiplexer_seven_segment_display' declared at 'C:/Users/browt/Documents/EE-CE Materials/VHDL Projects/VHDL Custom Module Directory/multiplexer_seven_segment_display.vhd:6' bound to instance 'M1' of component 'multiplexer_seven_segment_display' [C:/Users/browt/Documents/EE-CE Materials/VHDL Projects/rock_paper_scissors/rock_paper_scissors.srcs/sources_1/new/top_level.vhd:119]
INFO: [Synth 8-638] synthesizing module 'multiplexer_seven_segment_display' [C:/Users/browt/Documents/EE-CE Materials/VHDL Projects/VHDL Custom Module Directory/multiplexer_seven_segment_display.vhd:13]
INFO: [Synth 8-3491] module 'var_clock_divider_2' declared at 'C:/Users/browt/Documents/EE-CE Materials/VHDL Projects/VHDL Custom Module Directory/var_clock_divider_2.vhd:10' bound to instance 'mux_clk_div' of component 'var_clock_divider_2' [C:/Users/browt/Documents/EE-CE Materials/VHDL Projects/VHDL Custom Module Directory/multiplexer_seven_segment_display.vhd:43]
INFO: [Synth 8-3491] module 'two_bit_counter' declared at 'C:/Users/browt/Documents/EE-CE Materials/VHDL Projects/VHDL Custom Module Directory/two_bit_counter.vhd:6' bound to instance 'mux_cntr' of component 'two_bit_counter' [C:/Users/browt/Documents/EE-CE Materials/VHDL Projects/VHDL Custom Module Directory/multiplexer_seven_segment_display.vhd:47]
INFO: [Synth 8-638] synthesizing module 'two_bit_counter' [C:/Users/browt/Documents/EE-CE Materials/VHDL Projects/VHDL Custom Module Directory/two_bit_counter.vhd:11]
INFO: [Synth 8-256] done synthesizing module 'two_bit_counter' (8#1) [C:/Users/browt/Documents/EE-CE Materials/VHDL Projects/VHDL Custom Module Directory/two_bit_counter.vhd:11]
INFO: [Synth 8-3491] module 'anode_selector' declared at 'C:/Users/browt/Documents/EE-CE Materials/VHDL Projects/VHDL Custom Module Directory/anode_selector.vhd:6' bound to instance 'anode_sel' of component 'anode_selector' [C:/Users/browt/Documents/EE-CE Materials/VHDL Projects/VHDL Custom Module Directory/multiplexer_seven_segment_display.vhd:51]
INFO: [Synth 8-638] synthesizing module 'anode_selector' [C:/Users/browt/Documents/EE-CE Materials/VHDL Projects/VHDL Custom Module Directory/anode_selector.vhd:11]
INFO: [Synth 8-256] done synthesizing module 'anode_selector' (9#1) [C:/Users/browt/Documents/EE-CE Materials/VHDL Projects/VHDL Custom Module Directory/anode_selector.vhd:11]
INFO: [Synth 8-3491] module 'multiplexer_8_bit_4_to_1' declared at 'C:/Users/browt/Documents/EE-CE Materials/VHDL Projects/VHDL Custom Module Directory/multiplexer_8_bit_4_to_1.vhd:6' bound to instance 'M1' of component 'multiplexer_8_bit_4_to_1' [C:/Users/browt/Documents/EE-CE Materials/VHDL Projects/VHDL Custom Module Directory/multiplexer_seven_segment_display.vhd:54]
INFO: [Synth 8-638] synthesizing module 'multiplexer_8_bit_4_to_1' [C:/Users/browt/Documents/EE-CE Materials/VHDL Projects/VHDL Custom Module Directory/multiplexer_8_bit_4_to_1.vhd:12]
INFO: [Synth 8-256] done synthesizing module 'multiplexer_8_bit_4_to_1' (10#1) [C:/Users/browt/Documents/EE-CE Materials/VHDL Projects/VHDL Custom Module Directory/multiplexer_8_bit_4_to_1.vhd:12]
INFO: [Synth 8-256] done synthesizing module 'multiplexer_seven_segment_display' (11#1) [C:/Users/browt/Documents/EE-CE Materials/VHDL Projects/VHDL Custom Module Directory/multiplexer_seven_segment_display.vhd:13]
INFO: [Synth 8-256] done synthesizing module 'top_level' (12#1) [C:/Users/browt/Documents/EE-CE Materials/VHDL Projects/rock_paper_scissors/rock_paper_scissors.srcs/sources_1/new/top_level.vhd:13]
---------------------------------------------------------------------------------
Finished RTL Elaboration : Time (s): cpu = 00:00:04 ; elapsed = 00:00:05 . Memory (MB): peak = 411.320 ; gain = 154.266
---------------------------------------------------------------------------------

Report Check Netlist: 
+------+------------------+-------+---------+-------+------------------+
|      |Item              |Errors |Warnings |Status |Description       |
+------+------------------+-------+---------+-------+------------------+
|1     |multi_driven_nets |      0|        0|Passed |Multi driven nets |
+------+------------------+-------+---------+-------+------------------+
---------------------------------------------------------------------------------
Start Handling Custom Attributes
---------------------------------------------------------------------------------
---------------------------------------------------------------------------------
Finished Handling Custom Attributes : Time (s): cpu = 00:00:05 ; elapsed = 00:00:05 . Memory (MB): peak = 411.320 ; gain = 154.266
---------------------------------------------------------------------------------
---------------------------------------------------------------------------------
Finished RTL Optimization Phase 1 : Time (s): cpu = 00:00:05 ; elapsed = 00:00:05 . Memory (MB): peak = 411.320 ; gain = 154.266
---------------------------------------------------------------------------------
INFO: [Device 21-403] Loading part xc7a35tcpg236-1
INFO: [Project 1-570] Preparing netlist for logic optimization

Processing XDC Constraints
Initializing timing engine
Parsing XDC File [C:/Users/browt/Documents/EE-CE Materials/VHDL Projects/rock_paper_scissors/rock_paper_scissors.srcs/constrs_1/new/constraints.xdc]
Finished Parsing XDC File [C:/Users/browt/Documents/EE-CE Materials/VHDL Projects/rock_paper_scissors/rock_paper_scissors.srcs/constrs_1/new/constraints.xdc]
INFO: [Project 1-236] Implementation specific constraints were found while reading constraint file [C:/Users/browt/Documents/EE-CE Materials/VHDL Projects/rock_paper_scissors/rock_paper_scissors.srcs/constrs_1/new/constraints.xdc]. These constraints will be ignored for synthesis but will be used in implementation. Impacted constraints are listed in the file [.Xil/top_level_propImpl.xdc].
Resolution: To avoid this warning, move constraints listed in [.Xil/top_level_propImpl.xdc] to another XDC file and exclude this new file from synthesis with the used_in_synthesis property (File Properties dialog in GUI) and re-run elaboration/synthesis.
Completed Processing XDC Constraints

INFO: [Project 1-111] Unisim Transformation Summary:
No Unisim elements were transformed.

Constraint Validation Runtime : Time (s): cpu = 00:00:00 ; elapsed = 00:00:00.005 . Memory (MB): peak = 746.996 ; gain = 0.000
---------------------------------------------------------------------------------
Finished Constraint Validation : Time (s): cpu = 00:00:14 ; elapsed = 00:00:18 . Memory (MB): peak = 746.996 ; gain = 489.941
---------------------------------------------------------------------------------
---------------------------------------------------------------------------------
Start Loading Part and Timing Information
---------------------------------------------------------------------------------
Loading part: xc7a35tcpg236-1
---------------------------------------------------------------------------------
Finished Loading Part and Timing Information : Time (s): cpu = 00:00:14 ; elapsed = 00:00:18 . Memory (MB): peak = 746.996 ; gain = 489.941
---------------------------------------------------------------------------------
---------------------------------------------------------------------------------
Start Applying 'set_property' XDC Constraints
---------------------------------------------------------------------------------
---------------------------------------------------------------------------------
Finished applying 'set_property' XDC Constraints : Time (s): cpu = 00:00:15 ; elapsed = 00:00:18 . Memory (MB): peak = 746.996 ; gain = 489.941
---------------------------------------------------------------------------------
---------------------------------------------------------------------------------
Finished RTL Optimization Phase 2 : Time (s): cpu = 00:00:15 ; elapsed = 00:00:18 . Memory (MB): peak = 746.996 ; gain = 489.941
---------------------------------------------------------------------------------

Report RTL Partitions: 
+-+--------------+------------+----------+
| |RTL Partition |Replication |Instances |
+-+--------------+------------+----------+
+-+--------------+------------+----------+
---------------------------------------------------------------------------------
Start RTL Component Statistics 
---------------------------------------------------------------------------------
Detailed RTL Component Info : 
+---Adders : 
	   2 Input      2 Bit       Adders := 2     
+---Registers : 
	              128 Bit    Registers := 3     
	                2 Bit    Registers := 2     
	                1 Bit    Registers := 3     
+---Muxes : 
	  34 Input      8 Bit        Muxes := 2     
	   5 Input      8 Bit        Muxes := 1     
	   4 Input      6 Bit        Muxes := 2     
	   5 Input      4 Bit        Muxes := 1     
	   3 Input      2 Bit        Muxes := 1     
	   2 Input      2 Bit        Muxes := 1     
	   4 Input      2 Bit        Muxes := 1     
	   2 Input      1 Bit        Muxes := 4     
---------------------------------------------------------------------------------
Finished RTL Component Statistics 
---------------------------------------------------------------------------------
---------------------------------------------------------------------------------
Start RTL Hierarchical Component Statistics 
---------------------------------------------------------------------------------
Hierarchical RTL Component report 
Module r_p_s_winner 
Detailed RTL Component Info : 
+---Muxes : 
	   3 Input      2 Bit        Muxes := 1     
Module press_release_debouncer 
Detailed RTL Component Info : 
+---Registers : 
	              128 Bit    Registers := 1     
	                1 Bit    Registers := 1     
+---Muxes : 
	   2 Input      1 Bit        Muxes := 1     
Module count_to_two 
Detailed RTL Component Info : 
+---Adders : 
	   2 Input      2 Bit       Adders := 1     
+---Registers : 
	                2 Bit    Registers := 1     
+---Muxes : 
	   2 Input      2 Bit        Muxes := 1     
	   2 Input      1 Bit        Muxes := 1     
Module two_bit_select 
Detailed RTL Component Info : 
+---Muxes : 
	   4 Input      2 Bit        Muxes := 1     
Module r_p_s_decode 
Detailed RTL Component Info : 
+---Muxes : 
	   4 Input      6 Bit        Muxes := 1     
Module seven_segment_decoder 
Detailed RTL Component Info : 
+---Muxes : 
	  34 Input      8 Bit        Muxes := 1     
Module two_bit_counter 
Detailed RTL Component Info : 
+---Adders : 
	   2 Input      2 Bit       Adders := 1     
+---Registers : 
	                2 Bit    Registers := 1     
Module anode_selector 
Detailed RTL Component Info : 
+---Muxes : 
	   5 Input      4 Bit        Muxes := 1     
Module multiplexer_8_bit_4_to_1 
Detailed RTL Component Info : 
+---Muxes : 
	   5 Input      8 Bit        Muxes := 1     
---------------------------------------------------------------------------------
Finished RTL Hierarchical Component Statistics
---------------------------------------------------------------------------------
---------------------------------------------------------------------------------
Start Part Resource Summary
---------------------------------------------------------------------------------
Part Resources:
DSPs: 90 (col length:60)
BRAMs: 100 (col length: RAMB18 60 RAMB36 30)
---------------------------------------------------------------------------------
Finished Part Resource Summary
---------------------------------------------------------------------------------
---------------------------------------------------------------------------------
Start Cross Boundary and Area Optimization
---------------------------------------------------------------------------------
Warning: Parallel synthesis criteria is not met 
WARNING: [Synth 8-3917] design top_level has port seg_out[7] driven by constant 1
---------------------------------------------------------------------------------
Finished Cross Boundary and Area Optimization : Time (s): cpu = 00:00:17 ; elapsed = 00:00:20 . Memory (MB): peak = 746.996 ; gain = 489.941
---------------------------------------------------------------------------------

Report RTL Partitions: 
+-+--------------+------------+----------+
| |RTL Partition |Replication |Instances |
+-+--------------+------------+----------+
+-+--------------+------------+----------+
---------------------------------------------------------------------------------
Start Applying XDC Timing Constraints
---------------------------------------------------------------------------------
---------------------------------------------------------------------------------
Finished Applying XDC Timing Constraints : Time (s): cpu = 00:00:27 ; elapsed = 00:00:31 . Memory (MB): peak = 746.996 ; gain = 489.941
---------------------------------------------------------------------------------
---------------------------------------------------------------------------------
Start Timing Optimization
---------------------------------------------------------------------------------
---------------------------------------------------------------------------------
Finished Timing Optimization : Time (s): cpu = 00:00:27 ; elapsed = 00:00:32 . Memory (MB): peak = 764.324 ; gain = 507.270
---------------------------------------------------------------------------------

Report RTL Partitions: 
+-+--------------+------------+----------+
| |RTL Partition |Replication |Instances |
+-+--------------+------------+----------+
+-+--------------+------------+----------+
---------------------------------------------------------------------------------
Start Technology Mapping
---------------------------------------------------------------------------------
---------------------------------------------------------------------------------
Finished Technology Mapping : Time (s): cpu = 00:00:27 ; elapsed = 00:00:32 . Memory (MB): peak = 764.324 ; gain = 507.270
---------------------------------------------------------------------------------

Report RTL Partitions: 
+-+--------------+------------+----------+
| |RTL Partition |Replication |Instances |
+-+--------------+------------+----------+
+-+--------------+------------+----------+
---------------------------------------------------------------------------------
Start IO Insertion
---------------------------------------------------------------------------------
---------------------------------------------------------------------------------
Start Flattening Before IO Insertion
---------------------------------------------------------------------------------
---------------------------------------------------------------------------------
Finished Flattening Before IO Insertion
---------------------------------------------------------------------------------
---------------------------------------------------------------------------------
Start Final Netlist Cleanup
---------------------------------------------------------------------------------
---------------------------------------------------------------------------------
Finished Final Netlist Cleanup
---------------------------------------------------------------------------------
---------------------------------------------------------------------------------
Finished IO Insertion : Time (s): cpu = 00:00:29 ; elapsed = 00:00:33 . Memory (MB): peak = 764.324 ; gain = 507.270
---------------------------------------------------------------------------------

Report Check Netlist: 
+------+------------------+-------+---------+-------+------------------+
|      |Item              |Errors |Warnings |Status |Description       |
+------+------------------+-------+---------+-------+------------------+
|1     |multi_driven_nets |      0|        0|Passed |Multi driven nets |
+------+------------------+-------+---------+-------+------------------+
---------------------------------------------------------------------------------
Start Renaming Generated Instances
---------------------------------------------------------------------------------
---------------------------------------------------------------------------------
Finished Renaming Generated Instances : Time (s): cpu = 00:00:29 ; elapsed = 00:00:33 . Memory (MB): peak = 764.324 ; gain = 507.270
---------------------------------------------------------------------------------

Report RTL Partitions: 
+-+--------------+------------+----------+
| |RTL Partition |Replication |Instances |
+-+--------------+------------+----------+
+-+--------------+------------+----------+
---------------------------------------------------------------------------------
Start Rebuilding User Hierarchy
---------------------------------------------------------------------------------
---------------------------------------------------------------------------------
Finished Rebuilding User Hierarchy : Time (s): cpu = 00:00:29 ; elapsed = 00:00:34 . Memory (MB): peak = 764.324 ; gain = 507.270
---------------------------------------------------------------------------------
---------------------------------------------------------------------------------
Start Renaming Generated Ports
---------------------------------------------------------------------------------
---------------------------------------------------------------------------------
Finished Renaming Generated Ports : Time (s): cpu = 00:00:29 ; elapsed = 00:00:34 . Memory (MB): peak = 764.324 ; gain = 507.270
---------------------------------------------------------------------------------
---------------------------------------------------------------------------------
Start Handling Custom Attributes
---------------------------------------------------------------------------------
---------------------------------------------------------------------------------
Finished Handling Custom Attributes : Time (s): cpu = 00:00:29 ; elapsed = 00:00:34 . Memory (MB): peak = 764.324 ; gain = 507.270
---------------------------------------------------------------------------------
---------------------------------------------------------------------------------
Start Renaming Generated Nets
---------------------------------------------------------------------------------
---------------------------------------------------------------------------------
Finished Renaming Generated Nets : Time (s): cpu = 00:00:29 ; elapsed = 00:00:34 . Memory (MB): peak = 764.324 ; gain = 507.270
---------------------------------------------------------------------------------
---------------------------------------------------------------------------------
Start Writing Synthesis Report
---------------------------------------------------------------------------------

Report BlackBoxes: 
+-+--------------+----------+
| |BlackBox name |Instances |
+-+--------------+----------+
+-+--------------+----------+

Report Cell Usage: 
+------+-------+------+
|      |Cell   |Count |
+------+-------+------+
|1     |BUFG   |     1|
|2     |CARRY4 |    72|
|3     |LUT1   |     2|
|4     |LUT2   |    12|
|5     |LUT3   |   255|
|6     |LUT5   |     6|
|7     |LUT6   |     4|
|8     |FDRE   |   412|
|9     |IBUF   |     4|
|10    |OBUF   |    14|
+------+-------+------+

Report Instance Areas: 
+------+--------------+----------------------------------+------+
|      |Instance      |Module                            |Cells |
+------+--------------+----------------------------------+------+
|1     |top           |                                  |   782|
|2     |  M1          |multiplexer_seven_segment_display |    12|
|3     |    mux_cntr  |two_bit_counter                   |    12|
|4     |  clk_div     |var_clock_divider_2               |    28|
|5     |  count_up    |count_to_two                      |     8|
|6     |  paper_db    |press_release_debouncer           |   239|
|7     |  rock_db     |press_release_debouncer_0         |   238|
|8     |  scissors_db |press_release_debouncer_1         |   238|
+------+--------------+----------------------------------+------+
---------------------------------------------------------------------------------
Finished Writing Synthesis Report : Time (s): cpu = 00:00:29 ; elapsed = 00:00:34 . Memory (MB): peak = 764.324 ; gain = 507.270
---------------------------------------------------------------------------------
Synthesis finished with 0 errors, 0 critical warnings and 1 warnings.
Synthesis Optimization Runtime : Time (s): cpu = 00:00:17 ; elapsed = 00:00:25 . Memory (MB): peak = 764.324 ; gain = 171.594
Synthesis Optimization Complete : Time (s): cpu = 00:00:29 ; elapsed = 00:00:34 . Memory (MB): peak = 764.324 ; gain = 507.270
INFO: [Project 1-571] Translating synthesized netlist
INFO: [Netlist 29-17] Analyzing 76 Unisim elements for replacement
INFO: [Netlist 29-28] Unisim Transformation completed in 0 CPU seconds
INFO: [Project 1-570] Preparing netlist for logic optimization
INFO: [Opt 31-138] Pushed 0 inverter(s) to 0 load pin(s).
INFO: [Project 1-111] Unisim Transformation Summary:
No Unisim elements were transformed.

INFO: [Common 17-83] Releasing license: Synthesis
52 Infos, 1 Warnings, 0 Critical Warnings and 0 Errors encountered.
synth_design completed successfully
synth_design: Time (s): cpu = 00:00:31 ; elapsed = 00:00:36 . Memory (MB): peak = 764.324 ; gain = 520.277
WARNING: [Constraints 18-5210] No constraint will be written out.
INFO: [Common 17-1381] The checkpoint 'C:/Users/browt/Documents/EE-CE Materials/VHDL Projects/rock_paper_scissors/rock_paper_scissors.runs/synth_1/top_level.dcp' has been generated.
INFO: [runtcl-4] Executing : report_utilization -file top_level_utilization_synth.rpt -pb top_level_utilization_synth.pb
report_utilization: Time (s): cpu = 00:00:01 ; elapsed = 00:00:00.038 . Memory (MB): peak = 764.324 ; gain = 0.000
INFO: [Common 17-206] Exiting Vivado at Mon Nov 11 16:22:02 2019...
